<?xml version="1.0" encoding="UTF-8"?>
<!-- Generated by org.testng.reporters.JUnitReportReporter -->
<testsuite skipped="1" hostname="in-madhurvk-1" name="apd.infoimage.iwm.tests.INFO_10635" tests="2" failures="1" timestamp="04 Dec 2019 12:58:01 GMT" time="3.172" errors="0">
  <testcase name="testVeifySendToDefaultfunctionality" time="0.000" classname="apd.infoimage.iwm.tests.INFO_10635">
    <skipped/>
  </testcase> <!-- testVeifySendToDefaultfunctionality -->
  <testcase name="beforeSuite" time="3.172" classname="apd.infoimage.iwm.tests.INFO_10635">
    <failure type="java.lang.AssertionError" message="there is an error in initiating browser ">
      <![CDATA[java.lang.AssertionError: there is an error in initiating browser 
at org.testng.Assert.fail(Assert.java:96)
at apd.infoimage.iwm.genericLib.Driver.openBroser(Driver.java:107)
at apd.infoimage.iwm.projectLib.SuperClassIWM.beforeSuite(SuperClassIWM.java:95)
at sun.reflect.NativeMethodAccessorImpl.invoke0(Native Method)
at sun.reflect.NativeMethodAccessorImpl.invoke(Unknown Source)
at sun.reflect.DelegatingMethodAccessorImpl.invoke(Unknown Source)
at java.lang.reflect.Method.invoke(Unknown Source)
at org.testng.internal.MethodInvocationHelper.invokeMethod(MethodInvocationHelper.java:124)
at org.testng.internal.MethodInvocationHelper.invokeMethodConsideringTimeout(MethodInvocationHelper.java:59)
at org.testng.internal.Invoker.invokeConfigurationMethod(Invoker.java:458)
at org.testng.internal.Invoker.invokeConfigurations(Invoker.java:222)
at org.testng.internal.Invoker.invokeConfigurations(Invoker.java:142)
at org.testng.SuiteRunner.privateRun(SuiteRunner.java:401)
at org.testng.SuiteRunner.run(SuiteRunner.java:364)
at org.testng.SuiteRunnerWorker.runSuite(SuiteRunnerWorker.java:52)
at org.testng.SuiteRunnerWorker.run(SuiteRunnerWorker.java:84)
at org.testng.TestNG.runSuitesSequentially(TestNG.java:1208)
at org.testng.TestNG.runSuitesLocally(TestNG.java:1137)
at org.testng.TestNG.runSuites(TestNG.java:1049)
at org.testng.TestNG.run(TestNG.java:1017)
at org.testng.remote.AbstractRemoteTestNG.run(AbstractRemoteTestNG.java:114)
at org.testng.remote.RemoteTestNG.initAndRun(RemoteTestNG.java:251)
at org.testng.remote.RemoteTestNG.main(RemoteTestNG.java:77)
]]>
    </failure>
  </testcase> <!-- beforeSuite -->
</testsuite> <!-- apd.infoimage.iwm.tests.INFO_10635 -->
